<?xml version="1.0" encoding="UTF-8"?>
<!-- Generated by org.testng.reporters.JUnitXMLReporter -->
<testsuite ignored="3" hostname="DESKTOP-0EJ8PRH" failures="0" tests="3" name="Test" time="0.1" errors="0" timestamp="2024-11-26T19:48:20 IST">
  <testcase classname="day28.Demo3" name="createProduct" time="0.011"/>
  <testcase classname="day28.Demo3" name="editProduct" time="0.001"/>
  <testcase classname="day28.Demo3" name="deleteProduct" time="0.002"/>
  <testcase classname="day28.Demo3" name="editCustomer" time="0.0">
    <ignored/>
  </testcase> <!-- editCustomer -->
  <testcase classname="day28.Demo3" name="createCustomer" time="0.0">
    <ignored/>
  </testcase> <!-- createCustomer -->
  <testcase classname="day28.Demo3" name="deleteCustomer" time="0.0">
    <ignored/>
  </testcase> <!-- deleteCustomer -->
</testsuite> <!-- Test -->
